#
# There is insufficient memory for the Java Runtime Environment to continue.
# Native memory allocation (mmap) failed to map 255852544 bytes for G1 virtual space
# Possible reasons:
#   The system is out of physical RAM or swap space
#   The process is running with CompressedOops enabled, and the Java Heap may be blocking the growth of the native heap
# Possible solutions:
#   Reduce memory load on the system
#   Increase physical memory or swap space
#   Check if swap backing store is full
#   Decrease Java heap size (-Xmx/-Xms)
#   Decrease number of Java threads
#   Decrease Java thread stack sizes (-Xss)
#   Set larger code cache with -XX:ReservedCodeCacheSize=
#   JVM is running with Zero Based Compressed Oops mode in which the Java heap is
#     placed in the first 32GB address space. The Java Heap base address is the
#     maximum limit for the native heap growth. Please use -XX:HeapBaseMinAddress
#     to set the Java Heap base and to place the Java Heap above 32GB virtual address.
# This output file may be truncated or incomplete.
#
#  Out of Memory Error (os_windows.cpp:3527), pid=37944, tid=43556
#
# JRE version:  (19.0+36) (build )
# Java VM: Java HotSpot(TM) 64-Bit Server VM (19+36-2238, mixed mode, sharing, tiered, compressed oops, compressed class ptrs, g1 gc, windows-amd64)
# No core dump will be written. Minidumps are not enabled by default on client versions of Windows
#

---------------  S U M M A R Y ------------

Command Line: -javaagent:C:\Program Files\JetBrains\IntelliJ IDEA Community Edition 2023.1.2\lib\idea_rt.jar=52287:C:\Program Files\JetBrains\IntelliJ IDEA Community Edition 2023.1.2\bin -Dfile.encoding=UTF-8 -Dsun.stdout.encoding=UTF-8 -Dsun.stderr.encoding=UTF-8 Main

Host: AMD Ryzen 5 PRO 4650U with Radeon Graphics, 12 cores, 15G,  Windows 10 , 64 bit Build 19041 (10.0.19041.2913)
Time: Tue Jun 13 17:46:06 2023 Central Daylight Time elapsed time: 0.031806 seconds (0d 0h 0m 0s)

---------------  T H R E A D  ---------------

Current thread (0x000001de38f23430):  JavaThread "Unknown thread" [_thread_in_vm, id=43556, stack(0x0000007924300000,0x0000007924400000)]

Stack: [0x0000007924300000,0x0000007924400000]
Native frames: (J=compiled Java code, j=interpreted, Vv=VM code, C=native code)
V  [jvm.dll+0x6ee8fa]
V  [jvm.dll+0x857a1e]
V  [jvm.dll+0x85940e]
V  [jvm.dll+0x859ac3]
V  [jvm.dll+0x28291f]
V  [jvm.dll+0x6eb6e9]
V  [jvm.dll+0x6e028a]
V  [jvm.dll+0x357136]
V  [jvm.dll+0x35eb96]
V  [jvm.dll+0x3b555e]
V  [jvm.dll+0x3b578f]
V  [jvm.dll+0x32c6ea]
V  [jvm.dll+0x32d59e]
V  [jvm.dll+0x821b20]
V  [jvm.dll+0x3c27c1]
V  [jvm.dll+0x8022f1]
V  [jvm.dll+0x44b30f]
V  [jvm.dll+0x44cc91]
C  [jli.dll+0x5287]
C  [ucrtbase.dll+0x21bb2]
C  [KERNEL32.DLL+0x17614]
C  [ntdll.dll+0x526a1]


---------------  P R O C E S S  ---------------

Threads class SMR info:
_java_thread_list=0x00007ffa4894d048, length=0, elements={
}

Java Threads: ( => current thread )

Other Threads:
  0x000001de38f94a00 WorkerThread "GC Thread#0" [stack: 0x0000007924400000,0x0000007924500000] [id=52432]
  0x000001de38fa5cb0 ConcurrentGCThread "G1 Main Marker" [stack: 0x0000007924500000,0x0000007924600000] [id=53072]
  0x000001de38fa64f0 WorkerThread "G1 Conc#0" [stack: 0x0000007924600000,0x0000007924700000] [id=45240]

[error occurred during error reporting (printing all threads), id 0xc0000005, EXCEPTION_ACCESS_VIOLATION (0xc0000005) at pc=0x00007ffa4810d127]

VM state: not at safepoint (not fully initialized)

VM Mutex/Monitor currently owned by a thread:  ([mutex/lock_event])
[0x000001de38f1d4d0] Heap_lock - owner thread: 0x000001de38f23430

Heap address: 0x000000070c600000, size: 3898 MB, Compressed Oops mode: Zero based, Oop shift amount: 3

CDS archive(s) mapped at: [0x0000000000000000-0x0000000000000000-0x0000000000000000), size 0, SharedBaseAddress: 0x0000000800000000, ArchiveRelocationMode: 0.
Narrow klass base: 0x0000000000000000, Narrow klass shift: 0, Narrow klass range: 0x0

GC Precious Log:
 CardTable entry size: 512
 Card Set container configuration: InlinePtr #cards 4 size 8 Array Of Cards #cards 8 size 32 Howl #buckets 8 coarsen threshold 3686 Howl Bitmap #cards 512 size 80 coarsen threshold 460 Card regions per heap region 1 cards per card region 4096

Heap:
 garbage-first heap   total 0K, used 0K [0x000000070c600000, 0x0000000800000000)
  region size 2048K, 0 young (0K), 0 survivors (0K)

[error occurred during error reporting (printing heap information), id 0xc0000005, EXCEPTION_ACCESS_VIOLATION (0xc0000005) at pc=0x00007ffa48516959]

GC Heap History (0 events):
No events

Dll operation events (1 events):
Event: 0.019 Loaded shared library C:\Program Files\Java\jdk-19\bin\java.dll

Deoptimization events (0 events):
No events

Classes loaded (0 events):
No events

Classes unloaded (0 events):
No events

Classes redefined (0 events):
No events

Internal exceptions (0 events):
No events

VM Operations (0 events):
No events

Events (0 events):
No events


Dynamic libraries:
0x00007ff7eb500000 - 0x00007ff7eb510000 	C:\Program Files\Java\jdk-19\bin\java.exe
0x00007ffaf52b0000 - 0x00007ffaf54a8000 	C:\WINDOWS\SYSTEM32\ntdll.dll
0x00007ffaf4f00000 - 0x00007ffaf4fbf000 	C:\WINDOWS\System32\KERNEL32.DLL
0x00007ffaf3010000 - 0x00007ffaf3306000 	C:\WINDOWS\System32\KERNELBASE.dll
0x00007ffaf2ea0000 - 0x00007ffaf2fa0000 	C:\WINDOWS\System32\ucrtbase.dll
0x00007ffad2bf0000 - 0x00007ffad2c08000 	C:\Program Files\Java\jdk-19\bin\jli.dll
0x00007ffad2bd0000 - 0x00007ffad2beb000 	C:\Program Files\Java\jdk-19\bin\VCRUNTIME140.dll
0x00007ffaf3730000 - 0x00007ffaf37df000 	C:\WINDOWS\System32\ADVAPI32.dll
0x00007ffaf35c0000 - 0x00007ffaf365e000 	C:\WINDOWS\System32\msvcrt.dll
0x00007ffaf51d0000 - 0x00007ffaf526c000 	C:\WINDOWS\System32\sechost.dll
0x00007ffaf3f30000 - 0x00007ffaf4056000 	C:\WINDOWS\System32\RPCRT4.dll
0x00007ffaf4fc0000 - 0x00007ffaf515d000 	C:\WINDOWS\System32\USER32.dll
0x00007ffaf2b70000 - 0x00007ffaf2b92000 	C:\WINDOWS\System32\win32u.dll
0x00007ffaf4060000 - 0x00007ffaf408c000 	C:\WINDOWS\System32\GDI32.dll
0x00007ffacdd40000 - 0x00007ffacdfda000 	C:\WINDOWS\WinSxS\amd64_microsoft.windows.common-controls_6595b64144ccf1df_6.0.19041.1110_none_60b5254171f9507e\COMCTL32.dll
0x00007ffaf2a20000 - 0x00007ffaf2b35000 	C:\WINDOWS\System32\gdi32full.dll
0x00007ffaf2e00000 - 0x00007ffaf2e9d000 	C:\WINDOWS\System32\msvcp_win.dll
0x00007ffae6550000 - 0x00007ffae655a000 	C:\WINDOWS\SYSTEM32\VERSION.dll
0x00007ffaf45e0000 - 0x00007ffaf4610000 	C:\WINDOWS\System32\IMM32.DLL
0x00007ffad3400000 - 0x00007ffad340c000 	C:\Program Files\Java\jdk-19\bin\vcruntime140_1.dll
0x00007ffaa5110000 - 0x00007ffaa519e000 	C:\Program Files\Java\jdk-19\bin\msvcp140.dll
0x00007ffa47dd0000 - 0x00007ffa48a90000 	C:\Program Files\Java\jdk-19\bin\server\jvm.dll
0x00007ffad43e0000 - 0x00007ffad43e9000 	C:\WINDOWS\SYSTEM32\WSOCK32.dll
0x00007ffae6170000 - 0x00007ffae6197000 	C:\WINDOWS\SYSTEM32\WINMM.dll
0x00007ffaf4570000 - 0x00007ffaf45db000 	C:\WINDOWS\System32\WS2_32.dll
0x00007ffaf11a0000 - 0x00007ffaf11b2000 	C:\WINDOWS\SYSTEM32\kernel.appcore.dll
0x00007ffad3380000 - 0x00007ffad338a000 	C:\Program Files\Java\jdk-19\bin\jimage.dll
0x00007ffaf07f0000 - 0x00007ffaf09d4000 	C:\WINDOWS\SYSTEM32\DBGHELP.DLL
0x00007ffacd060000 - 0x00007ffacd094000 	C:\WINDOWS\SYSTEM32\dbgcore.DLL
0x00007ffaf2990000 - 0x00007ffaf2a12000 	C:\WINDOWS\System32\bcryptPrimitives.dll
0x00007ffad2e20000 - 0x00007ffad2e2e000 	C:\Program Files\Java\jdk-19\bin\instrument.dll
0x00007ffab1c80000 - 0x00007ffab1ca6000 	C:\Program Files\Java\jdk-19\bin\java.dll

dbghelp: loaded successfully - version: 4.0.5 - missing functions: none
symbol engine: initialized successfully - sym options: 0x614 - pdb path: .;C:\Program Files\Java\jdk-19\bin;C:\WINDOWS\SYSTEM32;C:\WINDOWS\WinSxS\amd64_microsoft.windows.common-controls_6595b64144ccf1df_6.0.19041.1110_none_60b5254171f9507e;C:\Program Files\Java\jdk-19\bin\server

VM Arguments:
jvm_args: -javaagent:C:\Program Files\JetBrains\IntelliJ IDEA Community Edition 2023.1.2\lib\idea_rt.jar=52287:C:\Program Files\JetBrains\IntelliJ IDEA Community Edition 2023.1.2\bin -Dfile.encoding=UTF-8 -Dsun.stdout.encoding=UTF-8 -Dsun.stderr.encoding=UTF-8 
java_command: Main
java_class_path (initial): C:\Users\gallu\Desktop\FTC\Week6\out\production\Week6
Launcher Type: SUN_STANDARD

[Global flags]
     intx CICompilerCount                          = 4                                         {product} {ergonomic}
     uint ConcGCThreads                            = 3                                         {product} {ergonomic}
     uint G1ConcRefinementThreads                  = 10                                        {product} {ergonomic}
   size_t G1HeapRegionSize                         = 2097152                                   {product} {ergonomic}
    uintx GCDrainStackTargetSize                   = 64                                        {product} {ergonomic}
   size_t InitialHeapSize                          = 255852544                                 {product} {ergonomic}
   size_t MarkStackSize                            = 4194304                                   {product} {ergonomic}
   size_t MaxHeapSize                              = 4087349248                                {product} {ergonomic}
   size_t MinHeapDeltaBytes                        = 2097152                                   {product} {ergonomic}
   size_t MinHeapSize                              = 8388608                                   {product} {ergonomic}
    uintx NonNMethodCodeHeapSize                   = 5839372                                {pd product} {ergonomic}
    uintx NonProfiledCodeHeapSize                  = 122909434                              {pd product} {ergonomic}
    uintx ProfiledCodeHeapSize                     = 122909434                              {pd product} {ergonomic}
    uintx ReservedCodeCacheSize                    = 251658240                              {pd product} {ergonomic}
     bool SegmentedCodeCache                       = true                                      {product} {ergonomic}
   size_t SoftMaxHeapSize                          = 4087349248                             {manageable} {ergonomic}
     bool UseCompressedClassPointers               = true                           {product lp64_product} {ergonomic}
     bool UseCompressedOops                        = true                           {product lp64_product} {ergonomic}
     bool UseG1GC                                  = true                                      {product} {ergonomic}
     bool UseLargePagesIndividualAllocation        = false                                  {pd product} {ergonomic}

Logging:
Log output configuration:
 #0: stdout all=warning uptime,level,tags foldmultilines=false
 #1: stderr all=off uptime,level,tags foldmultilines=false

Environment Variables:
PATH=C:\Program Files\Common Files\Oracle\Java\javapath;C:\Program Files (x86)\Common Files\Oracle\Java\javapath;C:\Program Files (x86)\VMware\VMware Player\bin\;C:\Program Files\National Instruments\Shared\OpenVINO\;C:\WINDOWS\system32;C:\WINDOWS;C:\WINDOWS\System32\Wbem;C:\WINDOWS\System32\WindowsPowerShell\v1.0\;C:\WINDOWS\System32\OpenSSH\;C:\Program Files\dotnet\;C:\Program Files (x86)\IVI Foundation\VISA\WinNT\Bin\;C:\Program Files\IVI Foundation\VISA\Win64\Bin\;C:\Program Files (x86)\National Instruments\Shared\LabVIEW CLI;C:\Program Files (x86)\IVI Foundation\VISA\WinNT\Bin;C:\Program Files\Git\cmd;C:\Users\gallu\AppData\Local\Microsoft\WindowsApps;C:\Users\gallu\.dotnet\tools;C:\Users\gallu\AppData\Local\Programs\Microsoft VS Code\bin
USERNAME=gallu
OS=Windows_NT
PROCESSOR_IDENTIFIER=AMD64 Family 23 Model 96 Stepping 1, AuthenticAMD
TMP=C:\Users\gallu\AppData\Local\Temp
TEMP=C:\Users\gallu\AppData\Local\Temp



---------------  S Y S T E M  ---------------

OS:
 Windows 10 , 64 bit Build 19041 (10.0.19041.2913)
OS uptime: 17 days 11:50 hours
Hyper-V role detected

CPU: total 12 (initial active 12) (12 cores per cpu, 2 threads per core) family 23 model 96 stepping 1 microcode 0x0, cx8, cmov, fxsr, ht, mmx, 3dnowpref, sse, sse2, sse3, ssse3, sse4a, sse4.1, sse4.2, popcnt, lzcnt, tsc, tscinvbit, avx, avx2, aes, clmul, bmi1, bmi2, adx, sha, fma, vzeroupper, clflush, clflushopt, hv, rdtscp, rdpid

Memory: 4k page, system-wide physical 15591M (423M free)
TotalPageFile size 34635M (AvailPageFile size 30M)
current process WorkingSet (physical memory assigned to process): 11M, peak: 11M
current process commit charge ("private bytes"): 64M, peak: 308M

vm_info: Java HotSpot(TM) 64-Bit Server VM (19+36-2238) for windows-amd64 JRE (19+36-2238), built on 2022-08-12T20:29:01Z by "mach5one" with MS VC++ 17.1 (VS2022)

END.
